{
  "RSpec": {
    "coverage": {
      "/home/yash/Desktop/content_sharing/app/helpers/application_helper.rb": {
        "lines": [
          1,
          null
        ]
      },
      "/home/yash/Desktop/content_sharing/app/helpers/profiles_helper.rb": {
        "lines": [
          1,
          null
        ]
      },
      "/home/yash/Desktop/content_sharing/app/helpers/registrations_helper.rb": {
        "lines": [
          1,
          null
        ]
      },
      "/home/yash/Desktop/content_sharing/app/helpers/static_helper.rb": {
        "lines": [
          1,
          null
        ]
      },
      "/home/yash/Desktop/content_sharing/app/controllers/profiles_controller.rb": {
        "lines": [
          1,
          1,
          null,
          null,
          1,
          1,
          1,
          1,
          null,
          null,
          null,
          null,
          1,
          null,
          1,
          1,
          null,
          null
        ]
      },
      "/home/yash/Desktop/content_sharing/app/controllers/application_controller.rb": {
        "lines": [
          1,
          1,
          null,
          1,
          null,
          1,
          1,
          null,
          null
        ]
      },
      "/home/yash/Desktop/content_sharing/app/models/user.rb": {
        "lines": [
          1,
          1,
          1,
          null,
          1,
          0,
          0,
          null,
          null
        ]
      },
      "/home/yash/Desktop/content_sharing/app/models/application_record.rb": {
        "lines": [
          1,
          1,
          null
        ]
      },
      "/home/yash/Desktop/content_sharing/app/models/profile.rb": {
        "lines": [
          1,
          1,
          null
        ]
      },
      "/home/yash/Desktop/content_sharing/app/channels/application_cable/channel.rb": {
        "lines": [
          0,
          0,
          0,
          0
        ],
        "branches": {
        }
      },
      "/home/yash/Desktop/content_sharing/app/channels/application_cable/connection.rb": {
        "lines": [
          0,
          0,
          0,
          0
        ],
        "branches": {
        }
      },
      "/home/yash/Desktop/content_sharing/app/controllers/registrations_controller.rb": {
        "lines": [
          0,
          0,
          0,
          0,
          null,
          0,
          null,
          0,
          0,
          0,
          0,
          0,
          0,
          0,
          null,
          0,
          null,
          0,
          0,
          0,
          0
        ],
        "branches": {
        }
      },
      "/home/yash/Desktop/content_sharing/app/controllers/static_controller.rb": {
        "lines": [
          0,
          0,
          0,
          0
        ],
        "branches": {
        }
      },
      "/home/yash/Desktop/content_sharing/app/jobs/application_job.rb": {
        "lines": [
          0,
          null,
          null,
          null,
          null,
          null,
          0
        ],
        "branches": {
        }
      },
      "/home/yash/Desktop/content_sharing/app/mailers/application_mailer.rb": {
        "lines": [
          0,
          0,
          0,
          0
        ],
        "branches": {
        }
      }
    },
    "timestamp": 1713181566
  }
}
